<?xml version="1.0" encoding="UTF-8"?>
<!-- Generated by org.testng.reporters.JUnitXMLReporter -->
<testsuite ignored="0" hostname="Srinivasulu" failures="0" tests="2" name="Freshii Tests" time="39.066" errors="0" timestamp="2023-06-05T06:32:17 IST">
  <testcase classname="com.qa.freshii.testcases.SignUpFunctionality" name="findStorePopUp" time="0.262"/>
  <testcase classname="com.qa.freshii.testcases.SignUpFunctionality" name="signUpToFreshii" time="24.082"/>
</testsuite> <!-- Freshii Tests -->
