<?xml version="1.0" encoding="UTF-8"?>
<!-- Generated by org.testng.reporters.JUnitXMLReporter -->
<testsuite ignored="0" hostname="Srinivasulu" failures="0" tests="2" name="Freshii Tests" time="136.556" errors="0" timestamp="2023-07-03T22:49:20 IST">
  <testcase classname="com.qa.freshii.testcases.SignUpFunctionality" name="signUpToFreshii" time="41.406"/>
  <testcase classname="com.qa.freshii.testcases.orderNowFunctionality" name="orderNowFunctionalityValidation" time="29.755"/>
</testsuite> <!-- Freshii Tests -->
