<?xml version="1.0" encoding="UTF-8"?>
<testng-results ignored="0" total="2" passed="2" failed="0" skipped="0">
  <reporter-output>
  </reporter-output>
  <suite started-at="2023-07-03T22:47:03 IST" name="Freshii Test Automation" finished-at="2023-07-03T22:49:20 IST" duration-ms="136556">
    <groups>
    </groups>
    <test started-at="2023-07-03T22:47:03 IST" name="Freshii Tests" finished-at="2023-07-03T22:49:20 IST" duration-ms="136556">
      <class name="com.qa.freshii.testcases.orderNowFunctionality">
        <test-method is-config="true" signature="setUp()[pri:0, instance:com.qa.freshii.testcases.orderNowFunctionality@351d00c0]" started-at="2023-07-03T22:47:58 IST" name="setUp" finished-at="2023-07-03T22:48:50 IST" duration-ms="51654" status="PASS">
          <reporter-output>
          </reporter-output>
        </test-method> <!-- setUp -->
        <test-method signature="orderNowFunctionalityValidation()[pri:0, instance:com.qa.freshii.testcases.orderNowFunctionality@351d00c0]" started-at="2023-07-03T22:48:50 IST" name="orderNowFunctionalityValidation" finished-at="2023-07-03T22:49:19 IST" duration-ms="29755" status="PASS">
          <reporter-output>
          </reporter-output>
        </test-method> <!-- orderNowFunctionalityValidation -->
        <test-method is-config="true" signature="tearDown()[pri:0, instance:com.qa.freshii.testcases.orderNowFunctionality@351d00c0]" started-at="2023-07-03T22:49:19 IST" name="tearDown" finished-at="2023-07-03T22:49:20 IST" duration-ms="355" status="PASS">
          <reporter-output>
          </reporter-output>
        </test-method> <!-- tearDown -->
      </class> <!-- com.qa.freshii.testcases.orderNowFunctionality -->
      <class name="com.qa.freshii.testcases.SignUpFunctionality">
        <test-method is-config="true" signature="setUp()[pri:0, instance:com.qa.freshii.testcases.SignUpFunctionality@16d04d3d]" started-at="2023-07-03T22:47:03 IST" name="setUp" finished-at="2023-07-03T22:47:16 IST" duration-ms="13104" status="PASS">
          <reporter-output>
          </reporter-output>
        </test-method> <!-- setUp -->
        <test-method signature="signUpToFreshii()[pri:0, instance:com.qa.freshii.testcases.SignUpFunctionality@16d04d3d]" started-at="2023-07-03T22:47:16 IST" name="signUpToFreshii" finished-at="2023-07-03T22:47:58 IST" duration-ms="41406" status="PASS">
          <reporter-output>
          </reporter-output>
        </test-method> <!-- signUpToFreshii -->
        <test-method is-config="true" signature="tearDown()[pri:0, instance:com.qa.freshii.testcases.SignUpFunctionality@16d04d3d]" started-at="2023-07-03T22:47:58 IST" name="tearDown" finished-at="2023-07-03T22:47:58 IST" duration-ms="237" status="PASS">
          <reporter-output>
          </reporter-output>
        </test-method> <!-- tearDown -->
      </class> <!-- com.qa.freshii.testcases.SignUpFunctionality -->
    </test> <!-- Freshii Tests -->
  </suite> <!-- Freshii Test Automation -->
</testng-results>
